<?xml version="1.0" encoding="UTF-8"?>
<testng-results skipped="0" failed="0" ignored="0" total="1" passed="1">
  <reporter-output>
    <line>
      <![CDATA[success]]>
    </line>
  </reporter-output>
  <suite name="Default suite" duration-ms="174" started-at="2020-08-10T13:14:05 IST" finished-at="2020-08-10T13:14:05 IST">
    <groups>
    </groups>
    <test name="Default test" duration-ms="174" started-at="2020-08-10T13:14:05 IST" finished-at="2020-08-10T13:14:05 IST">
      <class name="com.actitime.timetrack.Demo">
        <test-method status="PASS" signature="runTest()[pri:0, instance:com.actitime.timetrack.Demo@4973813a]" name="runTest" duration-ms="32" started-at="2020-08-10T13:14:05 IST" finished-at="2020-08-10T13:14:05 IST">
          <reporter-output>
            <line>
              <![CDATA[success]]>
            </line>
          </reporter-output>
        </test-method> <!-- runTest -->
      </class> <!-- com.actitime.timetrack.Demo -->
    </test> <!-- Default test -->
  </suite> <!-- Default suite -->
</testng-results>
